<?xml version="1.0" encoding="UTF-8"?>
<!-- Generated by org.testng.reporters.JUnitXMLReporter -->
<testsuite hostname="DESKTOP-1HA69MB" ignored="7" name="Default test" tests="1" failures="0" timestamp="11 Jan 2020 14:30:39 GMT" time="29.398" errors="0">
  <testcase name="verifyInValidLoginNameTest" time="27.944" classname="com.orangehrm.git.test.LoginTest"/>
  <testcase name="verifyInValidPasswordTest" time="0.0" classname="com.orangehrm.git.test.LoginTest">
    <ignored/>
  </testcase> <!-- verifyInValidPasswordTest -->
  <testcase name="verifySpecialCharInLoginName" time="0.0" classname="com.orangehrm.git.test.LoginTest">
    <ignored/>
  </testcase> <!-- verifySpecialCharInLoginName -->
  <testcase name="verifyThirdPartyLogosOnLoginScreen" time="0.0" classname="com.orangehrm.git.test.LoginTest">
    <ignored/>
  </testcase> <!-- verifyThirdPartyLogosOnLoginScreen -->
  <testcase name="verifyLoginWithBlankLoginName" time="0.0" classname="com.orangehrm.git.test.LoginTest">
    <ignored/>
  </testcase> <!-- verifyLoginWithBlankLoginName -->
  <testcase name="verifyLengthOfLoginNameField" time="0.0" classname="com.orangehrm.git.test.LoginTest">
    <ignored/>
  </testcase> <!-- verifyLengthOfLoginNameField -->
  <testcase name="verifyValidLoginTest" time="0.0" classname="com.orangehrm.git.test.LoginTest">
    <ignored/>
  </testcase> <!-- verifyValidLoginTest -->
  <testcase name="verifyLoginWithBlankPass" time="0.0" classname="com.orangehrm.git.test.LoginTest">
    <ignored/>
  </testcase> <!-- verifyLoginWithBlankPass -->
</testsuite> <!-- Default test -->
